#
# There is insufficient memory for the Java Runtime Environment to continue.
# Native memory allocation (mmap) failed to map 266338304 bytes for G1 virtual space
# Possible reasons:
#   The system is out of physical RAM or swap space
#   The process is running with CompressedOops enabled, and the Java Heap may be blocking the growth of the native heap
# Possible solutions:
#   Reduce memory load on the system
#   Increase physical memory or swap space
#   Check if swap backing store is full
#   Decrease Java heap size (-Xmx/-Xms)
#   Decrease number of Java threads
#   Decrease Java thread stack sizes (-Xss)
#   Set larger code cache with -XX:ReservedCodeCacheSize=
#   JVM is running with Zero Based Compressed Oops mode in which the Java heap is
#     placed in the first 32GB address space. The Java Heap base address is the
#     maximum limit for the native heap growth. Please use -XX:HeapBaseMinAddress
#     to set the Java Heap base and to place the Java Heap above 32GB virtual address.
# This output file may be truncated or incomplete.
#
#  Out of Memory Error (os_windows.cpp:3527), pid=20112, tid=16716
#
# JRE version:  (19.0.1+10) (build )
# Java VM: OpenJDK 64-Bit Server VM (19.0.1+10-21, mixed mode, emulated-client, sharing, tiered, compressed oops, compressed class ptrs, g1 gc, windows-amd64)
# No core dump will be written. Minidumps are not enabled by default on client versions of Windows
#

---------------  S U M M A R Y ------------

Command Line: -XX:TieredStopAtLevel=1 com.example.cbbq.CBBQApplication

Host: Intel(R) Core(TM) i7-6500U CPU @ 2.50GHz, 4 cores, 15G,  Windows 10 , 64 bit Build 19041 (10.0.19041.1889)
Time: Tue Nov  8 23:31:29 2022 Eastern Standard Time elapsed time: 0.016910 seconds (0d 0h 0m 0s)

---------------  T H R E A D  ---------------

Current thread (0x000001ae24aff0a0):  JavaThread "Unknown thread" [_thread_in_vm, id=16716, stack(0x0000005f88800000,0x0000005f88900000)]

Stack: [0x0000005f88800000,0x0000005f88900000]
Native frames: (J=compiled Java code, j=interpreted, Vv=VM code, C=native code)
V  [jvm.dll+0x6ee8fa]
V  [jvm.dll+0x857a1e]
V  [jvm.dll+0x85940e]
V  [jvm.dll+0x859ac3]
V  [jvm.dll+0x28291f]
V  [jvm.dll+0x6eb6e9]
V  [jvm.dll+0x6e028a]
V  [jvm.dll+0x357136]
V  [jvm.dll+0x35eb96]
V  [jvm.dll+0x3b555e]
V  [jvm.dll+0x3b578f]
V  [jvm.dll+0x32c6ea]
V  [jvm.dll+0x32d59e]
V  [jvm.dll+0x821b20]
V  [jvm.dll+0x3c27c1]
V  [jvm.dll+0x8022f1]
V  [jvm.dll+0x44b30f]
V  [jvm.dll+0x44cc91]
C  [jli.dll+0x5287]
C  [ucrtbase.dll+0x21bb2]
C  [KERNEL32.DLL+0x17034]
C  [ntdll.dll+0x526a1]


---------------  P R O C E S S  ---------------

Threads class SMR info:
_java_thread_list=0x00007ffeaac1d048, length=0, elements={
}

Java Threads: ( => current thread )

Other Threads:
  0x000001ae24b6f080 WorkerThread "GC Thread#0" [stack: 0x0000005f88900000,0x0000005f88a00000] [id=15324]
  0x000001ae24b7ff50 ConcurrentGCThread "G1 Main Marker" [stack: 0x0000005f88a00000,0x0000005f88b00000] [id=18408]
  0x000001ae24b81120 WorkerThread "G1 Conc#0" [stack: 0x0000005f88b00000,0x0000005f88c00000] [id=8512]

[error occurred during error reporting (printing all threads), id 0xc0000005, EXCEPTION_ACCESS_VIOLATION (0xc0000005) at pc=0x00007ffeaa3dd127]

VM state: not at safepoint (not fully initialized)

VM Mutex/Monitor currently owned by a thread:  ([mutex/lock_event])
[0x000001ae24afa2d0] Heap_lock - owner thread: 0x000001ae24aff0a0

Heap address: 0x0000000702200000, size: 4062 MB, Compressed Oops mode: Zero based, Oop shift amount: 3

CDS archive(s) mapped at: [0x0000000000000000-0x0000000000000000-0x0000000000000000), size 0, SharedBaseAddress: 0x0000000800000000, ArchiveRelocationMode: 0.
Narrow klass base: 0x0000000000000000, Narrow klass shift: 0, Narrow klass range: 0x0

GC Precious Log:
 CardTable entry size: 512
 Card Set container configuration: InlinePtr #cards 4 size 8 Array Of Cards #cards 16 size 48 Howl #buckets 8 coarsen threshold 3686 Howl Bitmap #cards 512 size 80 coarsen threshold 460 Card regions per heap region 1 cards per card region 4096

Heap:
 garbage-first heap   total 0K, used 0K [0x0000000702200000, 0x0000000800000000)
  region size 2048K, 0 young (0K), 0 survivors (0K)

[error occurred during error reporting (printing heap information), id 0xc0000005, EXCEPTION_ACCESS_VIOLATION (0xc0000005) at pc=0x00007ffeaa7e6959]

GC Heap History (0 events):
No events

Dll operation events (1 events):
Event: 0.009 Loaded shared library C:\Program Files\Java\jdk-19.0.1\bin\java.dll

Deoptimization events (0 events):
No events

Classes loaded (0 events):
No events

Classes unloaded (0 events):
No events

Classes redefined (0 events):
No events

Internal exceptions (0 events):
No events

VM Operations (0 events):
No events

Events (0 events):
No events


Dynamic libraries:
0x00007ff61ac60000 - 0x00007ff61ac6e000 	C:\Program Files\Java\jdk-19.0.1\bin\java.exe
0x00007ffef67d0000 - 0x00007ffef69c8000 	C:\WINDOWS\SYSTEM32\ntdll.dll
0x00007ffef4a40000 - 0x00007ffef4afd000 	C:\WINDOWS\System32\KERNEL32.DLL
0x00007ffef4210000 - 0x00007ffef44e2000 	C:\WINDOWS\System32\KERNELBASE.dll
0x00007ffef3ee0000 - 0x00007ffef3fe0000 	C:\WINDOWS\System32\ucrtbase.dll
0x00007ffee1310000 - 0x00007ffee1327000 	C:\Program Files\Java\jdk-19.0.1\bin\jli.dll
0x00007ffef5150000 - 0x00007ffef52ed000 	C:\WINDOWS\System32\USER32.dll
0x00007ffef4130000 - 0x00007ffef4152000 	C:\WINDOWS\System32\win32u.dll
0x00007ffef62f0000 - 0x00007ffef631b000 	C:\WINDOWS\System32\GDI32.dll
0x00007ffef4590000 - 0x00007ffef469f000 	C:\WINDOWS\System32\gdi32full.dll
0x00007ffef44f0000 - 0x00007ffef458d000 	C:\WINDOWS\System32\msvcp_win.dll
0x00007ffee1840000 - 0x00007ffee1ada000 	C:\WINDOWS\WinSxS\amd64_microsoft.windows.common-controls_6595b64144ccf1df_6.0.19041.1110_none_60b5254171f9507e\COMCTL32.dll
0x00007ffef4dd0000 - 0x00007ffef4e6e000 	C:\WINDOWS\System32\msvcrt.dll
0x00007ffedaa00000 - 0x00007ffedaa1b000 	C:\Program Files\Java\jdk-19.0.1\bin\VCRUNTIME140.dll
0x00007ffef4830000 - 0x00007ffef4860000 	C:\WINDOWS\System32\IMM32.DLL
0x00007ffeef130000 - 0x00007ffeef13c000 	C:\Program Files\Java\jdk-19.0.1\bin\vcruntime140_1.dll
0x00007ffeb02d0000 - 0x00007ffeb035e000 	C:\Program Files\Java\jdk-19.0.1\bin\msvcp140.dll
0x00007ffeaa0a0000 - 0x00007ffeaad60000 	C:\Program Files\Java\jdk-19.0.1\bin\server\jvm.dll
0x00007ffef6240000 - 0x00007ffef62ee000 	C:\WINDOWS\System32\ADVAPI32.dll
0x00007ffef4be0000 - 0x00007ffef4c7c000 	C:\WINDOWS\System32\sechost.dll
0x00007ffef4860000 - 0x00007ffef4985000 	C:\WINDOWS\System32\RPCRT4.dll
0x00007ffef2620000 - 0x00007ffef2629000 	C:\WINDOWS\SYSTEM32\WSOCK32.dll
0x00007ffee3900000 - 0x00007ffee3927000 	C:\WINDOWS\SYSTEM32\WINMM.dll
0x00007ffeeca20000 - 0x00007ffeeca2a000 	C:\WINDOWS\SYSTEM32\VERSION.dll
0x00007ffef4d60000 - 0x00007ffef4dcb000 	C:\WINDOWS\System32\WS2_32.dll
0x00007ffef2780000 - 0x00007ffef2792000 	C:\WINDOWS\SYSTEM32\kernel.appcore.dll
0x00007ffeef0c0000 - 0x00007ffeef0ca000 	C:\Program Files\Java\jdk-19.0.1\bin\jimage.dll
0x00007ffef2400000 - 0x00007ffef25e4000 	C:\WINDOWS\SYSTEM32\DBGHELP.DLL
0x00007ffeddb70000 - 0x00007ffeddb9c000 	C:\WINDOWS\SYSTEM32\dbgcore.DLL
0x00007ffef40a0000 - 0x00007ffef4122000 	C:\WINDOWS\System32\bcryptPrimitives.dll
0x00007ffed1be0000 - 0x00007ffed1c06000 	C:\Program Files\Java\jdk-19.0.1\bin\java.dll

dbghelp: loaded successfully - version: 4.0.5 - missing functions: none
symbol engine: initialized successfully - sym options: 0x614 - pdb path: .;C:\Program Files\Java\jdk-19.0.1\bin;C:\WINDOWS\SYSTEM32;C:\WINDOWS\WinSxS\amd64_microsoft.windows.common-controls_6595b64144ccf1df_6.0.19041.1110_none_60b5254171f9507e;C:\Program Files\Java\jdk-19.0.1\bin\server

VM Arguments:
jvm_args: -XX:TieredStopAtLevel=1 
java_command: com.example.cbbq.CBBQApplication
java_class_path (initial): C:\Users\Tom\codespace\vscode_test\cbbq\cbbq\target\classes;C:\Users\Tom\.m2\repository\org\springframework\boot\spring-boot\2.7.5\spring-boot-2.7.5.jar;C:\Users\Tom\.m2\repository\org\springframework\boot\spring-boot-autoconfigure\2.7.5\spring-boot-autoconfigure-2.7.5.jar;C:\Users\Tom\.m2\repository\ch\qos\logback\logback-classic\1.2.11\logback-classic-1.2.11.jar;C:\Users\Tom\.m2\repository\ch\qos\logback\logback-core\1.2.11\logback-core-1.2.11.jar;C:\Users\Tom\.m2\repository\org\apache\logging\log4j\log4j-to-slf4j\2.17.2\log4j-to-slf4j-2.17.2.jar;C:\Users\Tom\.m2\repository\org\apache\logging\log4j\log4j-api\2.17.2\log4j-api-2.17.2.jar;C:\Users\Tom\.m2\repository\org\slf4j\jul-to-slf4j\1.7.36\jul-to-slf4j-1.7.36.jar;C:\Users\Tom\.m2\repository\jakarta\annotation\jakarta.annotation-api\1.3.5\jakarta.annotation-api-1.3.5.jar;C:\Users\Tom\.m2\repository\org\yaml\snakeyaml\1.30\snakeyaml-1.30.jar;C:\Users\Tom\.m2\repository\com\fasterxml\jackson\core\jackson-databind\2.13.4.2\jackson-databind-2.13.4.2.jar;C:\Users\Tom\.m2\repository\com\fasterxml\jackson\core\jackson-annotations\2.13.4\jackson-annotations-2.13.4.jar;C:\Users\Tom\.m2\repository\com\fasterxml\jackson\core\jackson-core\2.13.4\jackson-core-2.13.4.jar;C:\Users\Tom\.m2\repository\com\fasterxml\jackson\datatype\jackson-datatype-jdk8\2.13.4\jackson-datatype-jdk8-2.13.4.jar;C:\Users\Tom\.m2\repository\com\fasterxml\jackson\datatype\jackson-datatype-jsr310\2.13.4\jackson-datatype-jsr310-2.13.4.jar;C:\Users\Tom\.m2\repository\com\fasterxml\jackson\module\jackson-module-parameter-names\2.13.4\jackson-module-parameter-names-2.13.4.jar;C:\Users\Tom\.m2\repository\org\apache\tomcat\embed\tomcat-embed-core\9.0.68\tomcat-embed-core-9.0.68.jar;C:\Users\Tom\.m2\repository\org\apache\tomcat\embed\tomcat-embed-el\9.0.68\tomcat-embed-el-9.0.68.jar;C:\Users\Tom\.m2\repository\org\apache\tomcat\embed\tomcat-embed-websocket\9.0.68\tomcat-embed-websocket-9.0.68.jar;C:\Users\Tom\.m2\repository\org\springframework\spring-web\5.3.23\spring-web-5.3.23.jar;C:\Users\Tom\.m2\repository\org\springframework\spring-beans\5.3.23\spring-beans-5.3.23.jar;C:\Users\Tom\.m2\repository\org\springframework\spring-webmvc\5.3.23\spring-webmvc-5.3.23.jar;C:\Users\Tom\.m2\repository\org\springframework\spring-aop\5.3.23\spring-aop-5.3.23.jar;C:\Users\Tom\.m2\repository\org\springframework\spring-context\5.3.23\spring-context-5.3.23.jar;C:\Users\Tom\.m2\repository\org\springframework\spring-expression\5.3.23\spring-expression-5.3.23.jar;C:\Users\Tom\.m2\repository\org\postgresql\postgresql\42.3.7\postgresql-42.3.7.jar;C:\Users\Tom\.m2\repository\org\checkerframework\checker-qual\3.5.0\checker-qual-3.5.0.jar;C:\Users\Tom\.m2\repository\org\slf4j\slf4j-api\1.7.36\slf4j-api-1.7.36.jar;C:\Users\Tom\.m2\repository\org\springframework\spring-core\5.3.23\spring-core-5.3.23.jar;C:\Users\Tom\.m2\repository\org\springframework\spring-jcl\5.3.23\spring-jcl-5.3.23.jar
Launcher Type: SUN_STANDARD

[Global flags]
     intx CICompilerCount                          = 3                                         {product} {ergonomic}
     uint ConcGCThreads                            = 1                                         {product} {ergonomic}
     uint G1ConcRefinementThreads                  = 4                                         {product} {ergonomic}
   size_t G1HeapRegionSize                         = 2097152                                   {product} {ergonomic}
    uintx GCDrainStackTargetSize                   = 64                                        {product} {ergonomic}
   size_t InitialHeapSize                          = 266338304                                 {product} {ergonomic}
   size_t MarkStackSize                            = 4194304                                   {product} {ergonomic}
   size_t MaxHeapSize                              = 4259315712                                {product} {ergonomic}
   size_t MinHeapDeltaBytes                        = 2097152                                   {product} {ergonomic}
   size_t MinHeapSize                              = 8388608                                   {product} {ergonomic}
    uintx NonProfiledCodeHeapSize                  = 0                                      {pd product} {ergonomic}
     bool ProfileInterpreter                       = false                                  {pd product} {command line}
    uintx ProfiledCodeHeapSize                     = 0                                      {pd product} {ergonomic}
   size_t SoftMaxHeapSize                          = 4259315712                             {manageable} {ergonomic}
     intx TieredStopAtLevel                        = 1                                         {product} {command line}
     bool UseCompressedClassPointers               = true                           {product lp64_product} {ergonomic}
     bool UseCompressedOops                        = true                           {product lp64_product} {ergonomic}
     bool UseG1GC                                  = true                                      {product} {ergonomic}
     bool UseLargePagesIndividualAllocation        = false                                  {pd product} {ergonomic}

Logging:
Log output configuration:
 #0: stdout all=warning uptime,level,tags foldmultilines=false
 #1: stderr all=off uptime,level,tags foldmultilines=false

Environment Variables:
JAVA_HOME=C:\Program Files\Java\jdk-19.0.1
PATH=C:\Program Files\Common Files\Oracle\Java\javapath;C:\Program Files (x86)\Common Files\Oracle\Java\javapath;C:\Program Files\Java\jdk-19.0.1;C:\Program Files\nodejs\;C:\Program Files\Amazon\AWSSAMCLI\bin\;C:\Program Files\Docker\Docker\resources\bin;C:\ProgramData\DockerDesktop\version-bin;C:\Program Files\Amazon\AWSCLIV2\;C:\Program Files (x86)\gnupg\bin;C:\Windows\System32;C:\flutter\bin;C:\Windows\System32\WindowsPowerShell\v1.0;C:\Program Files\Git;C:\apache-maven-3.8.6\bin;C:\Ruby27-x64\bin;C:\Users\Tom\AppData\Local\Programs\Python\Python39\Scripts\;C:\Users\Tom\AppData\Local\Programs\Python\Python39\;C:\Users\Tom\AppData\Local\Microsoft\WindowsApps;C:\Users\Tom\AppData\Roaming\npm;C:\Program Files (x86)\nodejs;C:\Program Files\Git\cmd;C:\Program Files\nodejs;C:\Program Files\Git\bin;C:\Program Files\Git\usr\bin;C:\Program Files\Java\jdk-19.0.1;C:\Program Files\Java\jdk-19.0.1\bin;C:\Users\Tom\AppData\Roaming\Python\Python39\site-packages;C:\Program Files\Amazon\AWSCLIV2;C:\Curl\curl-7.83.1-win64-mingw\bin;C:\Users\Tom;C:\Users\Tom\AppData\Local\Yarn\bin;C:\flutter\bin;C:\dart-sdk\bin;C:\apache-maven-3.8.6\bin;
USERNAME=Tom
LANG=en_US.UTF-8
OS=Windows_NT
PROCESSOR_IDENTIFIER=Intel64 Family 6 Model 78 Stepping 3, GenuineIntel
TMP=C:\Users\Tom\AppData\Local\Temp
TEMP=C:\Users\Tom\AppData\Local\Temp



---------------  S Y S T E M  ---------------

OS:
 Windows 10 , 64 bit Build 19041 (10.0.19041.1889)
OS uptime: 13 days 8:49 hours

CPU: total 4 (initial active 4) (2 cores per cpu, 2 threads per core) family 6 model 78 stepping 3 microcode 0xcc, cx8, cmov, fxsr, ht, mmx, 3dnowpref, sse, sse2, sse3, ssse3, sse4.1, sse4.2, popcnt, lzcnt, tsc, tscinvbit, avx, avx2, aes, erms, clmul, bmi1, bmi2, adx, fma, vzeroupper, clflush, clflushopt, rdtscp

Memory: 4k page, system-wide physical 16245M (1280M free)
TotalPageFile size 16245M (AvailPageFile size 44M)
current process WorkingSet (physical memory assigned to process): 10M, peak: 10M
current process commit charge ("private bytes"): 47M, peak: 301M

vm_info: OpenJDK 64-Bit Server VM (19.0.1+10-21) for windows-amd64 JRE (19.0.1+10-21), built on 2022-09-14T12:45:06Z by "mach5one" with MS VC++ 17.1 (VS2022)

END.
